Start testing: Mar 05 19:11 EST
----------------------------------------------------------
1/2 Testing: test_eecs
1/2 Test: test_eecs
Command: "/bin/sh" "/home/chris/workspace/GNURadio/gr-eecs/build/lib/test_eecs_test.sh"
Directory: /home/chris/workspace/GNURadio/gr-eecs/build/lib
"test_eecs" start time: Mar 05 19:11 EST
Output:
----------------------------------------------------------


<end of output>
Test time =   0.01 sec
----------------------------------------------------------
Test Passed.
"test_eecs" end time: Mar 05 19:11 EST
"test_eecs" time elapsed: 00:00:00
----------------------------------------------------------

2/2 Testing: qa_d_theta
2/2 Test: qa_d_theta
Command: "/bin/sh" "/home/chris/workspace/GNURadio/gr-eecs/build/python/qa_d_theta_test.sh"
Directory: /home/chris/workspace/GNURadio/gr-eecs/build/python
"qa_d_theta" start time: Mar 05 19:11 EST
Output:
----------------------------------------------------------
.
----------------------------------------------------------------------
Ran 1 test in 0.000s

OK
<end of output>
Test time =   0.23 sec
----------------------------------------------------------
Test Passed.
"qa_d_theta" end time: Mar 05 19:11 EST
"qa_d_theta" time elapsed: 00:00:00
----------------------------------------------------------

End testing: Mar 05 19:11 EST
